    1: BEGIN
    2:   x := 5 * (y - 2); h := 3; b := 4;
         A    B C  D E FGH I    JK L    MN
    -A Found Identifier
    -B Found Integer Literal
    -C Found Operator
    -D Found Identifier
    -E Found Operator
    -F Found Integer Literal
    -G Found Parenthesized Expression
    -H Found Statement
    -I Found Identifier
    -J Found Integer Literal
    -K Found Statement
    -L Found Identifier
    -M Found Integer Literal
    -N Found Statement

    3:   g := /* (x*y) + */ (x*b); // Woah!!! g := 60;
         A                   BCDEF
    -A Found Identifier
    -B Found Identifier
    -C Found Operator
    -D Found Identifier
    -E Found Parenthesized Expression
    -F Found Statement

    4:   y := z; w:= 1;
         A    BC D   EF
    -A Found Identifier
    -B Found Identifier
    -C Found Statement
    -D Found Identifier
    -E Found Integer Literal
    -F Found Statement

    5:   a := 3; b := 4;
         A    BC D    EF
    -A Found Identifier
    -B Found Integer Literal
    -C Found Statement
    -D Found Identifier
    -E Found Integer Literal
    -F Found Statement

    6:   c := (a*a) + (b*b);
         A     BCDEF   GHIJK
    -A Found Identifier
    -B Found Identifier
    -C Found Operator
    -D Found Identifier
    -E Found Parenthesized Expression
    -F Found Operator
    -G Found Identifier
    -H Found Operator
    -I Found Identifier
    -J Found Parenthesized Expression
    -K Found Statement

    7: END
          A
    -A Parse Successful

