    1: BEGIN
    2:   x := 5 * (y - 2);
         A    B C  D E FGH
    -A Found Identifier
    -B Found Integer Literal
    -C Found Operator
    -D Found Identifier
    -E Found Operator
    -F Found Integer Literal
    -G Found Parenthesized Expression
    -H Found Statement

    3:   y := -z; w:= 1;
         A     BC D   EF
    -A Found Identifier
    -B Found Identifier
     | Found Negated Factor
    -C Found Statement
    -D Found Identifier
    -E Found Integer Literal
    -F Found Statement

    4: END
          A
    -A Parse Successful

